#
# There is insufficient memory for the Java Runtime Environment to continue.
# Native memory allocation (mmap) failed to map 4161536 bytes for G1 virtual space
# Possible reasons:
#   The system is out of physical RAM or swap space
#   The process is running with CompressedOops enabled, and the Java Heap may be blocking the growth of the native heap
# Possible solutions:
#   Reduce memory load on the system
#   Increase physical memory or swap space
#   Check if swap backing store is full
#   Decrease Java heap size (-Xmx/-Xms)
#   Decrease number of Java threads
#   Decrease Java thread stack sizes (-Xss)
#   Set larger code cache with -XX:ReservedCodeCacheSize=
#   JVM is running with Zero Based Compressed Oops mode in which the Java heap is
#     placed in the first 32GB address space. The Java Heap base address is the
#     maximum limit for the native heap growth. Please use -XX:HeapBaseMinAddress
#     to set the Java Heap base and to place the Java Heap above 32GB virtual address.
# This output file may be truncated or incomplete.
#
#  Out of Memory Error (os_windows.cpp:3613), pid=18164, tid=19752
#
# JRE version:  (17.0.9+9) (build )
# Java VM: OpenJDK 64-Bit Server VM (17.0.9+9, mixed mode, sharing, tiered, compressed oops, compressed class ptrs, g1 gc, windows-amd64)
# No core dump will be written. Minidumps are not enabled by default on client versions of Windows
#

---------------  S U M M A R Y ------------

Command Line: 

Host: Intel(R) Core(TM) i7-8700 CPU @ 3.20GHz, 6 cores, 15G,  Windows 10 , 64 bit Build 19041 (10.0.19041.5915)
Time: Tue Jul  8 19:05:49 2025 India Standard Time elapsed time: 1.075555 seconds (0d 0h 0m 1s)

---------------  T H R E A D  ---------------

Current thread (0x00000240d62cbeb0):  JavaThread "Unknown thread" [_thread_in_vm, id=19752, stack(0x000000deb7200000,0x000000deb7300000)]

Stack: [0x000000deb7200000,0x000000deb7300000]
Native frames: (J=compiled Java code, j=interpreted, Vv=VM code, C=native code)
V  [jvm.dll+0x67cf49]
V  [jvm.dll+0x83478a]
V  [jvm.dll+0x83624e]
V  [jvm.dll+0x8368b3]
V  [jvm.dll+0x247f1f]
V  [jvm.dll+0x679d69]
V  [jvm.dll+0x66e6ba]
V  [jvm.dll+0x307e5b]
V  [jvm.dll+0x30f306]
V  [jvm.dll+0x35f0e3]
V  [jvm.dll+0x35f2ff]
V  [jvm.dll+0x2dea58]
V  [jvm.dll+0x2df9c4]
V  [jvm.dll+0x806031]
V  [jvm.dll+0x36cf31]
V  [jvm.dll+0x7e4aac]
V  [jvm.dll+0x3f07af]
V  [jvm.dll+0x3f23e1]
C  [jli.dll+0x528f]
C  [ucrtbase.dll+0x21bb2]
C  [KERNEL32.DLL+0x17374]
C  [ntdll.dll+0x4cc91]


---------------  P R O C E S S  ---------------

Threads class SMR info:
_java_thread_list=0x00007ffa5315ee98, length=0, elements={
}

Java Threads: ( => current thread )

Other Threads:
  0x00000240d63371a0 GCTaskThread "GC Thread#0" [stack: 0x000000deb7300000,0x000000deb7400000] [id=956]
  0x00000240d6347e30 ConcurrentGCThread "G1 Main Marker" [stack: 0x000000deb7400000,0x000000deb7500000] [id=13448]
  0x00000240d6348850 ConcurrentGCThread "G1 Conc#0" [stack: 0x000000deb7500000,0x000000deb7600000] [id=12712]

[error occurred during error reporting (printing all threads), id 0xc0000005, EXCEPTION_ACCESS_VIOLATION (0xc0000005) at pc=0x00007ffa5291f497]

VM state: not at safepoint (not fully initialized)

VM Mutex/Monitor currently owned by a thread:  ([mutex/lock_event])
[0x00000240d62c90a0] Heap_lock - owner thread: 0x00000240d62cbeb0

Heap address: 0x0000000702c00000, size: 4052 MB, Compressed Oops mode: Zero based, Oop shift amount: 3

CDS archive(s) mapped at: [0x0000000000000000-0x0000000000000000-0x0000000000000000), size 0, SharedBaseAddress: 0x0000000800000000, ArchiveRelocationMode: 1.
Narrow klass base: 0x0000000000000000, Narrow klass shift: 0, Narrow klass range: 0x0

GC Precious Log:
<Empty>

Heap:
 garbage-first heap   total 0K, used 0K [0x0000000702c00000, 0x0000000800000000)
  region size 2048K, 0 young (0K), 0 survivors (0K)

[error occurred during error reporting (printing heap information), id 0xc0000005, EXCEPTION_ACCESS_VIOLATION (0xc0000005) at pc=0x00007ffa52d06c79]

GC Heap History (0 events):
No events

Dll operation events (1 events):
Event: 0.010 Loaded shared library D:\6000.0.30f1\Editor\Data\PlaybackEngines\AndroidPlayer\OpenJDK\bin\java.dll

Deoptimization events (0 events):
No events

Classes unloaded (0 events):
No events

Classes redefined (0 events):
No events

Internal exceptions (0 events):
No events

VM Operations (0 events):
No events

Events (0 events):
No events


Dynamic libraries:
0x00007ff691ce0000 - 0x00007ff691cee000 	D:\6000.0.30f1\Editor\Data\PlaybackEngines\AndroidPlayer\OpenJDK\bin\java.exe
0x00007ffa963f0000 - 0x00007ffa965e8000 	C:\Windows\SYSTEM32\ntdll.dll
0x00007ffa94780000 - 0x00007ffa94842000 	C:\Windows\System32\KERNEL32.DLL
0x00007ffa93f70000 - 0x00007ffa94266000 	C:\Windows\System32\KERNELBASE.dll
0x00007ffa93df0000 - 0x00007ffa93ef0000 	C:\Windows\System32\ucrtbase.dll
0x00007ffa85d50000 - 0x00007ffa85d6b000 	D:\6000.0.30f1\Editor\Data\PlaybackEngines\AndroidPlayer\OpenJDK\bin\VCRUNTIME140.dll
0x00007ffa859b0000 - 0x00007ffa859c7000 	D:\6000.0.30f1\Editor\Data\PlaybackEngines\AndroidPlayer\OpenJDK\bin\jli.dll
0x00007ffa7ee30000 - 0x00007ffa7f0ca000 	C:\Windows\WinSxS\amd64_microsoft.windows.common-controls_6595b64144ccf1df_6.0.19041.5915_none_60b4b9d171f9c7c7\COMCTL32.dll
0x00007ffa94900000 - 0x00007ffa9499e000 	C:\Windows\System32\msvcrt.dll
0x00007ffa95610000 - 0x00007ffa9563b000 	C:\Windows\System32\GDI32.dll
0x00007ffa943e0000 - 0x00007ffa94402000 	C:\Windows\System32\win32u.dll
0x00007ffa93b70000 - 0x00007ffa93c89000 	C:\Windows\System32\gdi32full.dll
0x00007ffa93ad0000 - 0x00007ffa93b6d000 	C:\Windows\System32\msvcp_win.dll
0x00007ffa94e70000 - 0x00007ffa9500d000 	C:\Windows\System32\USER32.dll
0x00007ffa95150000 - 0x00007ffa9517f000 	C:\Windows\System32\IMM32.DLL
0x00007ffa8d010000 - 0x00007ffa8d01c000 	D:\6000.0.30f1\Editor\Data\PlaybackEngines\AndroidPlayer\OpenJDK\bin\vcruntime140_1.dll
0x00007ffa63ff0000 - 0x00007ffa6407d000 	D:\6000.0.30f1\Editor\Data\PlaybackEngines\AndroidPlayer\OpenJDK\bin\msvcp140.dll
0x00007ffa52630000 - 0x00007ffa53291000 	D:\6000.0.30f1\Editor\Data\PlaybackEngines\AndroidPlayer\OpenJDK\bin\server\jvm.dll
0x00007ffa95550000 - 0x00007ffa95601000 	C:\Windows\System32\ADVAPI32.dll
0x00007ffa94860000 - 0x00007ffa948ff000 	C:\Windows\System32\sechost.dll
0x00007ffa960f0000 - 0x00007ffa96213000 	C:\Windows\System32\RPCRT4.dll
0x00007ffa943b0000 - 0x00007ffa943d7000 	C:\Windows\System32\bcrypt.dll
0x00007ffa93960000 - 0x00007ffa939ab000 	C:\Windows\SYSTEM32\POWRPROF.dll
0x00007ffa44ab0000 - 0x00007ffa44ab9000 	C:\Windows\SYSTEM32\WSOCK32.dll
0x00007ffa95430000 - 0x00007ffa9549b000 	C:\Windows\System32\WS2_32.dll
0x00007ffa889a0000 - 0x00007ffa889c7000 	C:\Windows\SYSTEM32\WINMM.dll
0x00007ffa8dca0000 - 0x00007ffa8dcaa000 	C:\Windows\SYSTEM32\VERSION.dll
0x00007ffa938c0000 - 0x00007ffa938d2000 	C:\Windows\SYSTEM32\UMPDC.dll
0x00007ffa91920000 - 0x00007ffa91932000 	C:\Windows\SYSTEM32\kernel.appcore.dll
0x00007ffa85d40000 - 0x00007ffa85d4a000 	D:\6000.0.30f1\Editor\Data\PlaybackEngines\AndroidPlayer\OpenJDK\bin\jimage.dll
0x00007ffa7f4c0000 - 0x00007ffa7f6c1000 	C:\Windows\SYSTEM32\DBGHELP.DLL
0x00007ffa6a180000 - 0x00007ffa6a1b4000 	C:\Windows\SYSTEM32\dbgcore.DLL
0x00007ffa94320000 - 0x00007ffa943a2000 	C:\Windows\System32\bcryptPrimitives.dll
0x00007ffa85980000 - 0x00007ffa859a5000 	D:\6000.0.30f1\Editor\Data\PlaybackEngines\AndroidPlayer\OpenJDK\bin\java.dll

dbghelp: loaded successfully - version: 4.0.5 - missing functions: none
symbol engine: initialized successfully - sym options: 0x614 - pdb path: .;D:\6000.0.30f1\Editor\Data\PlaybackEngines\AndroidPlayer\OpenJDK\bin;C:\Windows\SYSTEM32;C:\Windows\WinSxS\amd64_microsoft.windows.common-controls_6595b64144ccf1df_6.0.19041.5915_none_60b4b9d171f9c7c7;D:\6000.0.30f1\Editor\Data\PlaybackEngines\AndroidPlayer\OpenJDK\bin\server

VM Arguments:
java_command: <unknown>
java_class_path (initial): <not set>
Launcher Type: SUN_STANDARD

[Global flags]
     intx CICompilerCount                          = 3                                         {product} {ergonomic}
     uint ConcGCThreads                            = 2                                         {product} {ergonomic}
     uint G1ConcRefinementThreads                  = 6                                         {product} {ergonomic}
   size_t G1HeapRegionSize                         = 2097152                                   {product} {ergonomic}
    uintx GCDrainStackTargetSize                   = 64                                        {product} {ergonomic}
   size_t InitialHeapSize                          = 266338304                                 {product} {ergonomic}
   size_t MarkStackSize                            = 4194304                                   {product} {ergonomic}
   size_t MaxHeapSize                              = 4248829952                                {product} {ergonomic}
   size_t MinHeapDeltaBytes                        = 2097152                                   {product} {ergonomic}
   size_t MinHeapSize                              = 8388608                                   {product} {ergonomic}
    uintx NonNMethodCodeHeapSize                   = 5832780                                {pd product} {ergonomic}
    uintx NonProfiledCodeHeapSize                  = 122912730                              {pd product} {ergonomic}
    uintx ProfiledCodeHeapSize                     = 122912730                              {pd product} {ergonomic}
    uintx ReservedCodeCacheSize                    = 251658240                              {pd product} {ergonomic}
     bool SegmentedCodeCache                       = true                                      {product} {ergonomic}
   size_t SoftMaxHeapSize                          = 4248829952                             {manageable} {ergonomic}
     bool UseCompressedClassPointers               = true                           {product lp64_product} {ergonomic}
     bool UseCompressedOops                        = true                           {product lp64_product} {ergonomic}
     bool UseG1GC                                  = true                                      {product} {ergonomic}
     bool UseLargePagesIndividualAllocation        = false                                  {pd product} {ergonomic}

Logging:
Log output configuration:
 #0: stdout all=warning uptime,level,tags
 #1: stderr all=off uptime,level,tags

Environment Variables:
PATH=C:\Program Files (x86)\Common Files\Oracle\Java\javapath;C:\Windows\system32;C:\Windows;C:\Windows\System32\Wbem;C:\Windows\System32\WindowsPowerShell\v1.0\;C:\Windows\System32\OpenSSH\;C:\Program Files\dotnet\;C:\Program Files (x86)\NVIDIA Corporation\PhysX\Common;C:\Program Files\NVIDIA Corporation\NVIDIA NvDLISR;C:\Program Files\Git\cmd;c:\Users\DELL\AppData\Local\Programs\cursor\resources\app\bin;c:\Users\DELL\AppData\Local\Programs\cursor\resources\app\bin;C:\Users\DELL\AppData\Local\Microsoft\WindowsApps;C:\Users\DELL\AppData\Local\GitHubDesktop\bin;C:\Users\DELL\AppData\Local\Programs\cursor\resources\app\bin;C:\Users\DELL\AppData\Local\Programs\Microsoft VS Code\bin
USERNAME=DELL
OS=Windows_NT
PROCESSOR_IDENTIFIER=Intel64 Family 6 Model 158 Stepping 10, GenuineIntel
TMP=C:\Users\DELL\AppData\Local\Temp
TEMP=C:\Users\DELL\AppData\Local\Temp



Periodic native trim disabled


---------------  S Y S T E M  ---------------

OS:
 Windows 10 , 64 bit Build 19041 (10.0.19041.5915)
OS uptime: 1 days 8:47 hours

CPU: total 6 (initial active 6) (6 cores per cpu, 2 threads per core) family 6 model 158 stepping 10 microcode 0xf8, cx8, cmov, fxsr, ht, mmx, 3dnowpref, sse, sse2, sse3, ssse3, sse4.1, sse4.2, popcnt, lzcnt, tsc, tscinvbit, avx, avx2, aes, erms, clmul, bmi1, bmi2, rtm, adx, fma, vzeroupper, clflush, clflushopt
Processor Information for all 6 processors :
  Max Mhz: 3192, Current Mhz: 3192, Mhz Limit: 3192

Memory: 4k page, system-wide physical 16207M (2348M free)
TotalPageFile size 31457M (AvailPageFile size 459M)
current process WorkingSet (physical memory assigned to process): 10M, peak: 10M
current process commit charge ("private bytes"): 310M, peak: 314M

vm_info: OpenJDK 64-Bit Server VM (17.0.9+9) for windows-amd64 JRE (17.0.9+9), built on Oct 26 2023 14:01:42 by "admin" with MS VC++ 16.10 / 16.11 (VS2019)

END.
